<?xml version="1.0" encoding="UTF-8"?>
<!-- Generated by org.testng.reporters.JUnitXMLReporter -->
<testsuite ignored="0" hostname="LTPCHE032507879" failures="0" tests="6" name="Default test" time="1.222" errors="0" timestamp="2022-12-01T17:23:54 IST">
  <testcase classname="com.gopal12.WriteExcelTest" name="WriteExcelTest" time="0.866"/>
  <testcase classname="com.gopal12.WriteExcelTest" name="WriteExcelTest1" time="0.074"/>
  <testcase classname="com.gopal12.WriteExcelTest" name="WriteExcelTest2" time="0.056"/>
  <testcase classname="com.gopal12.WriteExcelTest" name="WriteExcelTest3" time="0.063"/>
  <testcase classname="com.gopal12.WriteExcelTest" name="WriteExcelTest4" time="0.054"/>
  <testcase classname="com.gopal12.WriteExcelTest" name="WriteExcelTest5" time="0.05"/>
</testsuite> <!-- Default test -->
