<?xml version="1.0" encoding="UTF-8"?>
<testng-results ignored="0" total="6" passed="6" failed="0" skipped="0">
  <reporter-output>
  </reporter-output>
  <suite started-at="2022-12-01T17:23:53 IST" name="Default suite" finished-at="2022-12-01T17:23:54 IST" duration-ms="1222">
    <groups>
    </groups>
    <test started-at="2022-12-01T17:23:53 IST" name="Default test" finished-at="2022-12-01T17:23:54 IST" duration-ms="1222">
      <class name="com.gopal12.WriteExcelTest">
        <test-method signature="WriteExcelTest()[pri:0, instance:com.gopal12.WriteExcelTest@6221a451]" started-at="2022-12-01T17:23:53 IST" name="WriteExcelTest" finished-at="2022-12-01T17:23:54 IST" duration-ms="866" status="PASS">
          <reporter-output>
          </reporter-output>
        </test-method> <!-- WriteExcelTest -->
        <test-method signature="WriteExcelTest1()[pri:0, instance:com.gopal12.WriteExcelTest@6221a451]" started-at="2022-12-01T17:23:54 IST" name="WriteExcelTest1" finished-at="2022-12-01T17:23:54 IST" duration-ms="74" status="PASS">
          <reporter-output>
          </reporter-output>
        </test-method> <!-- WriteExcelTest1 -->
        <test-method signature="WriteExcelTest2()[pri:0, instance:com.gopal12.WriteExcelTest@6221a451]" started-at="2022-12-01T17:23:54 IST" name="WriteExcelTest2" finished-at="2022-12-01T17:23:54 IST" duration-ms="56" status="PASS">
          <reporter-output>
          </reporter-output>
        </test-method> <!-- WriteExcelTest2 -->
        <test-method signature="WriteExcelTest3()[pri:0, instance:com.gopal12.WriteExcelTest@6221a451]" started-at="2022-12-01T17:23:54 IST" name="WriteExcelTest3" finished-at="2022-12-01T17:23:54 IST" duration-ms="63" status="PASS">
          <reporter-output>
          </reporter-output>
        </test-method> <!-- WriteExcelTest3 -->
        <test-method signature="WriteExcelTest4()[pri:0, instance:com.gopal12.WriteExcelTest@6221a451]" started-at="2022-12-01T17:23:54 IST" name="WriteExcelTest4" finished-at="2022-12-01T17:23:54 IST" duration-ms="54" status="PASS">
          <reporter-output>
          </reporter-output>
        </test-method> <!-- WriteExcelTest4 -->
        <test-method signature="WriteExcelTest5()[pri:0, instance:com.gopal12.WriteExcelTest@6221a451]" started-at="2022-12-01T17:23:54 IST" name="WriteExcelTest5" finished-at="2022-12-01T17:23:54 IST" duration-ms="50" status="PASS">
          <reporter-output>
          </reporter-output>
        </test-method> <!-- WriteExcelTest5 -->
      </class> <!-- com.gopal12.WriteExcelTest -->
    </test> <!-- Default test -->
  </suite> <!-- Default suite -->
</testng-results>
